<?xml version="1.0" encoding="UTF-8"?>
<testng-results total="3" passed="3" failed="0" skipped="0">
  <reporter-output>
  </reporter-output>
  <suite started-at="2023-07-09T17:03:00Z" name="Regression Suite" finished-at="2023-07-09T17:04:21Z" duration-ms="81467">
    <groups>
    </groups>
    <test started-at="2023-07-09T17:03:00Z" name="Login Test" finished-at="2023-07-09T17:03:36Z" duration-ms="36565">
      <class name="Test_Scenarios.LoginCase">
        <test-method is-config="true" signature="beforeTest()[pri:0, instance:Test_Scenarios.LoginCase@7530ad9c]" started-at="2023-07-09T22:33:00Z" name="beforeTest" finished-at="2023-07-09T22:33:04Z" duration-ms="3869" status="PASS">
          <reporter-output>
          </reporter-output>
        </test-method> <!-- beforeTest -->
        <test-method signature="test1()[pri:0, instance:Test_Scenarios.LoginCase@7530ad9c]" started-at="2023-07-09T22:33:04Z" name="test1" finished-at="2023-07-09T22:33:36Z" duration-ms="32317" status="PASS">
          <reporter-output>
          </reporter-output>
        </test-method> <!-- test1 -->
        <test-method is-config="true" signature="tearDown()[pri:0, instance:Test_Scenarios.LoginCase@7530ad9c]" started-at="2023-07-09T22:33:36Z" name="tearDown" finished-at="2023-07-09T22:33:36Z" duration-ms="362" status="PASS">
          <reporter-output>
          </reporter-output>
        </test-method> <!-- tearDown -->
      </class> <!-- Test_Scenarios.LoginCase -->
    </test> <!-- Login Test -->
    <test started-at="2023-07-09T17:03:36Z" name="wrong password " finished-at="2023-07-09T17:03:57Z" duration-ms="20650">
      <class name="Test_Scenarios.LoginCase">
        <test-method is-config="true" signature="beforeTest()[pri:0, instance:Test_Scenarios.LoginCase@762ef0ea]" started-at="2023-07-09T22:33:36Z" name="beforeTest" finished-at="2023-07-09T22:33:38Z" duration-ms="1475" status="PASS">
          <reporter-output>
          </reporter-output>
        </test-method> <!-- beforeTest -->
        <test-method signature="test2()[pri:0, instance:Test_Scenarios.LoginCase@762ef0ea]" started-at="2023-07-09T22:33:38Z" name="test2" finished-at="2023-07-09T22:33:57Z" duration-ms="18780" status="PASS">
          <reporter-output>
          </reporter-output>
        </test-method> <!-- test2 -->
        <test-method is-config="true" signature="tearDown()[pri:0, instance:Test_Scenarios.LoginCase@762ef0ea]" started-at="2023-07-09T22:33:57Z" name="tearDown" finished-at="2023-07-09T22:33:57Z" duration-ms="395" status="PASS">
          <reporter-output>
          </reporter-output>
        </test-method> <!-- tearDown -->
      </class> <!-- Test_Scenarios.LoginCase -->
    </test> <!-- wrong password  -->
    <test started-at="2023-07-09T17:03:57Z" name="wrong userEmailid " finished-at="2023-07-09T17:04:21Z" duration-ms="24191">
      <class name="Test_Scenarios.LoginCase">
        <test-method is-config="true" signature="beforeTest()[pri:0, instance:Test_Scenarios.LoginCase@5f8edcc5]" started-at="2023-07-09T22:33:57Z" name="beforeTest" finished-at="2023-07-09T22:33:59Z" duration-ms="1642" status="PASS">
          <reporter-output>
          </reporter-output>
        </test-method> <!-- beforeTest -->
        <test-method signature="test3()[pri:0, instance:Test_Scenarios.LoginCase@5f8edcc5]" started-at="2023-07-09T22:33:59Z" name="test3" finished-at="2023-07-09T22:34:21Z" duration-ms="22250" status="PASS">
          <reporter-output>
          </reporter-output>
        </test-method> <!-- test3 -->
        <test-method is-config="true" signature="tearDown()[pri:0, instance:Test_Scenarios.LoginCase@5f8edcc5]" started-at="2023-07-09T22:34:21Z" name="tearDown" finished-at="2023-07-09T22:34:21Z" duration-ms="299" status="PASS">
          <reporter-output>
          </reporter-output>
        </test-method> <!-- tearDown -->
      </class> <!-- Test_Scenarios.LoginCase -->
    </test> <!-- wrong userEmailid  -->
  </suite> <!-- Regression Suite -->
</testng-results>
